<?xml version="1.0" encoding="UTF-8"?>
<!-- Generated by org.testng.reporters.JUnitXMLReporter -->
<testsuite hostname="DESKTOP-AA4AD8I" ignored="0" name="ZohoTest" tests="3" failures="0" timestamp="25 Jun 2019 02:01:36 GMT" time="0.145" errors="0">
  <testcase name="f" time="0.022" classname="com.testcases.LoginTest"/>
  <testcase name="f" time="0.004" classname="com.testcases.CreateLeadTest"/>
  <testcase name="f" time="0.003" classname="com.testcases.CreatePotentialTest"/>
</testsuite> <!-- ZohoTest -->
